Arguments: 
  C:\Program Files\nodejs\node.exe C:\Users\jbaudin\AppData\Roaming\npm\node_modules\yarn\bin\yarn.js run compile

PATH: 
  C:\Users\jbaudin\workspace\perry\packages\listen-window-errors\node_modules\.bin;C:\Users\jbaudin\workspace\perry\packages\node_modules\.bin;C:\Users\jbaudin\workspace\perry\node_modules\.bin;C:\Users\jbaudin\workspace\node_modules\.bin;C:\Users\jbaudin\node_modules\.bin;C:\Users\node_modules\.bin;C:\node_modules\.bin;C:\Program Files\nodejs;C:\ProgramData\Oracle\Java\javapath;C:\Program Files\Broadcom\Broadcom 802.11 Network Adapter;C:\Program Files (x86)\Intel\iCLS Client\;C:\Program Files\Intel\iCLS Client\;C:\WINDOWS\system32;C:\WINDOWS;C:\WINDOWS\System32\Wbem;C:\WINDOWS\System32\WindowsPowerShell\v1.0\;C:\Program Files (x86)\Intel\Intel(R) Management Engine Components\DAL;C:\Program Files\Intel\Intel(R) Management Engine Components\DAL;C:\Program Files (x86)\Intel\Intel(R) Management Engine Components\IPT;C:\Program Files\Intel\Intel(R) Management Engine Components\IPT;C:\Program Files\Intel\IntelSGXPSW\bin\x64\Release\;C:\Program Files\Intel\IntelSGXPSW\bin\win32\Release\;C:\Program Files\Hewlett-Packard\SimplePass\;C:\Program Files\Git\cmd;C:\Go\bin;C:\Program Files\Microsoft SQL Server\130\Tools\Binn\;C:\Program Files\Microsoft DNX\Dnvm\;C:\Program Files\dotnet\;C:\Program Files (x86)\Windows Kits\8.1\Windows Performance Toolkit\;C:\Program Files (x86)\Windows Kits\10\Windows Performance Toolkit\;C:\Program Files (x86)\Yarn\bin;C:\Program Files\nodejs\;C:\WINDOWS\System32\OpenSSH\;C:\Program Files (x86)\Microsoft VS Code\bin;C:\ProgramData\chocolatey\bin;C:\ProgramData\Oracle\Java\javapath;C:\Program Files\Broadcom\Broadcom 802.11 Network Adapter;C:\Program Files (x86)\Intel\iCLS Client\;C:\Program Files\Intel\iCLS Client\;C:\WINDOWS\system32;C:\WINDOWS;C:\WINDOWS\System32\Wbem;C:\WINDOWS\System32\WindowsPowerShell\v1.0\;C:\Program Files (x86)\Intel\Intel(R) Management Engine Components\DAL;C:\Program Files\Intel\Intel(R) Management Engine Components\DAL;C:\Program Files (x86)\Intel\Intel(R) Management Engine Components\IPT;C:\Program Files\Intel\Intel(R) Management Engine Components\IPT;C:\Program Files\Intel\IntelSGXPSW\bin\x64\Release\;C:\Program Files\Intel\IntelSGXPSW\bin\win32\Release\;C:\Program Files\Hewlett-Packard\SimplePass\;C:\Program Files\Git\cmd;C:\Program Files\nodejs\;C:\Go\bin;C:\Program Files\Microsoft SQL Server\130\Tools\Binn\;C:\Program Files\Microsoft DNX\Dnvm\;C:\Program Files\dotnet\;C:\Program Files (x86)\Windows Kits\8.1\Windows Performance Toolkit\;C:\Program Files (x86)\Windows Kits\10\Windows Performance Toolkit\;C:\Program Files;C:\Users\jbaudin\AppData\Local\Yarn\bin;C:\Program Files (x86)\Microsoft VS Code\bin;C:\Program Files\Microsoft VS Code Insiders\bin;C:\Users\jbaudin\AppData\Local\Microsoft\WindowsApps;C:\Users\jbaudin\AppData\Roaming\npm;;C:\Users\jbaudin\AppData\Local\Programs\Microsoft VS Code\bin;C:\Users\jbaudin\AppData\Local\nvs\

Yarn version: 
  1.13.0

Node version: 
  10.2.1

Platform: 
  win32 x64

Trace: 
  Error: EPIPE: broken pipe, write
      at Socket._write (internal/net.js:40:25)
      at doWrite (_stream_writable.js:410:12)
      at writeOrBuffer (_stream_writable.js:394:5)
      at Socket.Writable.write (_stream_writable.js:294:11)
      at ConsoleReporter._log (C:\Users\jbaudin\AppData\Roaming\npm\node_modules\yarn\lib\cli.js:96040:17)
      at ConsoleReporter.log (C:\Users\jbaudin\AppData\Roaming\npm\node_modules\yarn\lib\cli.js:96028:10)
      at ConsoleReporter.footer (C:\Users\jbaudin\AppData\Roaming\npm\node_modules\yarn\lib\cli.js:96019:10)
      at C:\Users\jbaudin\AppData\Roaming\npm\node_modules\yarn\lib\cli.js:91665:20
      at run (C:\Users\jbaudin\AppData\Roaming\npm\node_modules\yarn\lib\cli.js:104627:22)
      at C:\Users\jbaudin\AppData\Roaming\npm\node_modules\yarn\lib\cli.js:104644:30

npm manifest: 
  {
    "name": "@perry/listen-window-errors",
    "version": "0.1.0",
    "description": "",
    "main": "build/index.js",
    "types": "build/index.d.ts",
    "scripts": {
      "test": "echo \"Error: no test specified\" && exit 1",
      "compile": "tsc"
    },
    "repository": {
      "type": "git",
      "url": "git+ssh://git@github.com/perry-js/perry.git"
    },
    "author": "perry",
    "license": "MIT",
    "bugs": {
      "url": "https://github.com/perry-js/perry/issues"
    },
    "homepage": "https://github.com/perry-js/perry#readme",
    "devDependencies": {
      "typescript": "^3.3.3333"
    }
  }

yarn manifest: 
  No manifest

Lockfile: 
  No lockfile
